# Logfile created on Sat Jan 30 19:24:09 +0100 2010

Processing ApplicationController#index (for 127.0.0.1 at 2010-01-30 19:24:15) [GET]

ActionController::RoutingError (No route matches "/users/new" with {:method=>:get}):
  c:/ruby/lib/ruby/1.8/webrick/httpserver.rb:104:in `service'
  c:/ruby/lib/ruby/1.8/webrick/httpserver.rb:65:in `run'
  c:/ruby/lib/ruby/1.8/webrick/server.rb:173:in `start_thread'
  c:/ruby/lib/ruby/1.8/webrick/server.rb:162:in `start'
  c:/ruby/lib/ruby/1.8/webrick/server.rb:162:in `start_thread'
  c:/ruby/lib/ruby/1.8/webrick/server.rb:95:in `start'
  c:/ruby/lib/ruby/1.8/webrick/server.rb:92:in `each'
  c:/ruby/lib/ruby/1.8/webrick/server.rb:92:in `start'
  c:/ruby/lib/ruby/1.8/webrick/server.rb:23:in `start'
  c:/ruby/lib/ruby/1.8/webrick/server.rb:82:in `start'

Rendering rescues/layout (not_found)


Processing InterfacesController#new (for 127.0.0.1 at 2010-01-30 19:24:20) [GET]
Rendering template within layouts/application
Rendering interfaces/new
Rendered shared/_identification (5.0ms)
Completed in 127ms (View: 124, DB: 0) | 200 OK [http://localhost/interfaces/new]


Processing InterfacesController#edit (for 127.0.0.1 at 2010-01-30 19:24:25) [GET]
  Parameters: {"id"=>"1"}
Rendering template within layouts/application
Rendering interfaces/edit
Rendered shared/_identification (0.0ms)
Completed in 33ms (View: 30, DB: 0) | 200 OK [http://localhost/interfaces/1/edit]


Processing InterfacesController#show (for 127.0.0.1 at 2010-01-30 19:24:26) [GET]
  Parameters: {"id"=>"1"}
Rendering template within layouts/application
Rendering interfaces/show
Rendered shared/_error_color (3.0ms)
Rendered shared/_identification (0.0ms)
Completed in 44ms (View: 37, DB: 0) | 200 OK [http://localhost/interfaces/1]


Processing InterfacesController#add_pers1 (for 127.0.0.1 at 2010-01-30 19:24:30) [POST]
  Parameters: {"authenticity_token"=>"okqp4l9oQ2QKqvRyqBK3ySAoJ4HG7X+1/qpQmHLm9O0="}
Rendering template within layouts/application
Rendering interfaces/add_pers1
Rendered shared/_identification (0.0ms)
Completed in 235ms (View: 232, DB: 0) | 200 OK [http://localhost/interfaces/add_pers1]


Processing InterfacesController#recap (for 127.0.0.1 at 2010-01-30 19:24:32) [POST]
  Parameters: {"authenticity_token"=>"okqp4l9oQ2QKqvRyqBK3ySAoJ4HG7X+1/qpQmHLm9O0="}
Rendering template within layouts/application
Rendering interfaces/recap
Rendered shared/_identification (0.0ms)
Completed in 37ms (View: 33, DB: 0) | 200 OK [http://localhost/interfaces/recap]


Processing InterfacesController#operation (for 127.0.0.1 at 2010-01-30 19:24:33) [POST]
  Parameters: {"authenticity_token"=>"okqp4l9oQ2QKqvRyqBK3ySAoJ4HG7X+1/qpQmHLm9O0="}
Rendering template within layouts/application
Rendering interfaces/operation
Rendered shared/_identification (0.0ms)
Completed in 30ms (View: 27, DB: 0) | 200 OK [http://localhost/interfaces/operation]


Processing InterfacesController#del_pers (for 127.0.0.1 at 2010-01-30 19:24:35) [POST]
  Parameters: {"authenticity_token"=>"okqp4l9oQ2QKqvRyqBK3ySAoJ4HG7X+1/qpQmHLm9O0="}
Rendering template within layouts/application
Rendering interfaces/del_pers
Rendered shared/_identification (0.0ms)
Completed in 129ms (View: 124, DB: 0) | 200 OK [http://localhost/interfaces/del_pers]


Processing InterfacesController#add_pers (for 127.0.0.1 at 2010-01-30 19:24:36) [POST]
  Parameters: {"authenticity_token"=>"okqp4l9oQ2QKqvRyqBK3ySAoJ4HG7X+1/qpQmHLm9O0="}
Rendering template within layouts/application
Rendering interfaces/add_pers
Rendered shared/_identification (1.0ms)
Completed in 48ms (View: 44, DB: 0) | 200 OK [http://localhost/interfaces/add_pers]
  [4;36;1mSQL (1.0ms)[0m   [0;1m SELECT name
 FROM sqlite_master
 WHERE type = 'table' AND NOT name = 'sqlite_sequence'
[0m
  [4;35;1mSQL (0.0ms)[0m   [0mSELECT version FROM schema_migrations[0m
  [4;36;1mSQL (1.0ms)[0m   [0;1m SELECT name
 FROM sqlite_master
 WHERE type = 'table' AND NOT name = 'sqlite_sequence'
[0m
  [4;35;1mSQL (0.0ms)[0m   [0mSELECT version FROM schema_migrations[0m
Migrating to CreateUsers (20100130183445)
Migrating to CreateInterfaces (20100125093931)
  [4;36;1mSQL (0.0ms)[0m   [0;1mselect sqlite_version(*)[0m
  [4;35;1mSQL (2.0ms)[0m   [0m SELECT name
 FROM sqlite_master
 WHERE type = 'table' AND NOT name = 'sqlite_sequence'
[0m
  [4;36;1mSQL (0.0ms)[0m   [0;1mSELECT version FROM schema_migrations[0m
  [4;35;1mSQL (1.0ms)[0m   [0m SELECT name
 FROM sqlite_master
 WHERE type = 'table' AND NOT name = 'sqlite_sequence'
[0m
  [4;36;1mSQL (0.0ms)[0m   [0;1mPRAGMA index_list("users")[0m
  [4;36;1mSQL (1.0ms)[0m   [0;1m SELECT name
 FROM sqlite_master
 WHERE type = 'table' AND NOT name = 'sqlite_sequence'
[0m
  [4;35;1mSQL (0.0ms)[0m   [0mSELECT version FROM schema_migrations[0m
Migrating to CreateInterfaces (20100125093931)
  [4;36;1mSQL (0.0ms)[0m   [0;1mselect sqlite_version(*)[0m
  [4;35;1mSQL (3.0ms)[0m   [0mCREATE TABLE "interfaces" ("id" INTEGER PRIMARY KEY AUTOINCREMENT NOT NULL, "mail" varchar(255), "password" varchar(255), "created_at" datetime, "updated_at" datetime) [0m
  [4;36;1mSQL (1.0ms)[0m   [0;1mINSERT INTO schema_migrations (version) VALUES ('20100125093931')[0m
Migrating to CreateUsers (20100130183445)
  [4;35;1mSQL (0.0ms)[0m   [0mSQLite3::SQLException: table "users" already exists: CREATE TABLE "users" ("id" INTEGER PRIMARY KEY AUTOINCREMENT NOT NULL, "username" varchar(255), "email" varchar(255), "crypted_password" varchar(255), "password_salt" varchar(255), "persistence_token" varchar(255), "created_at" datetime, "updated_at" datetime) [0m
  [4;36;1mSQL (0.0ms)[0m   [0;1m SELECT name
 FROM sqlite_master
 WHERE type = 'table' AND NOT name = 'sqlite_sequence'
[0m
  [4;35;1mSQL (1.0ms)[0m   [0mselect sqlite_version(*)[0m
  [4;36;1mSQL (113.0ms)[0m   [0;1mCREATE TABLE "schema_migrations" ("version" varchar(255) NOT NULL) [0m
  [4;35;1mSQL (171.0ms)[0m   [0mCREATE UNIQUE INDEX "unique_schema_migrations" ON "schema_migrations" ("version")[0m
  [4;36;1mSQL (0.0ms)[0m   [0;1m SELECT name
 FROM sqlite_master
 WHERE type = 'table' AND NOT name = 'sqlite_sequence'
[0m
  [4;35;1mSQL (1.0ms)[0m   [0mSELECT version FROM schema_migrations[0m
Migrating to CreateInterfaces (20100125093931)
  [4;36;1mSQL (2.0ms)[0m   [0;1mCREATE TABLE "interfaces" ("id" INTEGER PRIMARY KEY AUTOINCREMENT NOT NULL, "mail" varchar(255), "password" varchar(255), "created_at" datetime, "updated_at" datetime) [0m
  [4;35;1mSQL (1.0ms)[0m   [0mINSERT INTO schema_migrations (version) VALUES ('20100125093931')[0m
Migrating to CreateUsers (20100130183445)
  [4;36;1mSQL (2.0ms)[0m   [0;1mCREATE TABLE "users" ("id" INTEGER PRIMARY KEY AUTOINCREMENT NOT NULL, "username" varchar(255), "email" varchar(255), "crypted_password" varchar(255), "password_salt" varchar(255), "persistence_token" varchar(255), "created_at" datetime, "updated_at" datetime) [0m
  [4;35;1mSQL (0.0ms)[0m   [0mINSERT INTO schema_migrations (version) VALUES ('20100130183445')[0m
  [4;36;1mSQL (1.0ms)[0m   [0;1m SELECT name
 FROM sqlite_master
 WHERE type = 'table' AND NOT name = 'sqlite_sequence'
[0m
  [4;35;1mSQL (1.0ms)[0m   [0mSELECT version FROM schema_migrations[0m
  [4;36;1mSQL (1.0ms)[0m   [0;1m SELECT name
 FROM sqlite_master
 WHERE type = 'table' AND NOT name = 'sqlite_sequence'
[0m
  [4;35;1mSQL (0.0ms)[0m   [0mPRAGMA index_list("interfaces")[0m
  [4;36;1mSQL (0.0ms)[0m   [0;1mPRAGMA index_list("users")[0m


Processing InterfacesController#show (for 127.0.0.1 at 2010-01-30 19:47:27) [GET]
  Parameters: {"id"=>"add_pers"}
Rendering template within layouts/application
Rendering interfaces/show
Rendered shared/_error_color (21.0ms)

ActionView::TemplateError (undefined local variable or method `users' for #<ActionView::Base:0x6e7c308>) on line #5 of app/views/shared/_identification.html.erb:
2:   <p align="right">Login :<input type="text"/><br/>
3:   Password :<input type="password"/><br/><br/>
4:   <button class="action_button">Go !</button>
5:   <%= button_to "Nouvel utilisateur", {:controller=>users, :action => "new"},:class=>"action_button"%></p>
6: </div>

    app/views/shared/_identification.html.erb:5
    app/views/layouts/application.html.erb:20
    c:/ruby/lib/ruby/1.8/webrick/httpserver.rb:104:in `service'
    c:/ruby/lib/ruby/1.8/webrick/httpserver.rb:65:in `run'
    c:/ruby/lib/ruby/1.8/webrick/server.rb:173:in `start_thread'
    c:/ruby/lib/ruby/1.8/webrick/server.rb:162:in `start'
    c:/ruby/lib/ruby/1.8/webrick/server.rb:162:in `start_thread'
    c:/ruby/lib/ruby/1.8/webrick/server.rb:95:in `start'
    c:/ruby/lib/ruby/1.8/webrick/server.rb:92:in `each'
    c:/ruby/lib/ruby/1.8/webrick/server.rb:92:in `start'
    c:/ruby/lib/ruby/1.8/webrick/server.rb:23:in `start'
    c:/ruby/lib/ruby/1.8/webrick/server.rb:82:in `start'

Rendered rescues/_trace (118.0ms)
Rendered rescues/_request_and_response (4.0ms)
Rendering rescues/layout (internal_server_error)


Processing InterfacesController#show (for 127.0.0.1 at 2010-01-30 19:48:23) [GET]
  Parameters: {"id"=>"add_pers"}
Rendering template within layouts/application
Rendering interfaces/show
Rendered shared/_error_color (0.0ms)
Rendered shared/_identification (6.0ms)
Completed in 40ms (View: 36, DB: 0) | 200 OK [http://localhost/interfaces/add_pers]


Processing InterfacesController#new (for 127.0.0.1 at 2010-01-30 19:48:46) [GET]
Rendering template within layouts/application
Rendering interfaces/new
Rendered shared/_identification (4.0ms)
Completed in 46ms (View: 42, DB: 0) | 200 OK [http://localhost/interfaces/new]


Processing InterfacesController#new (for 127.0.0.1 at 2010-01-30 19:49:02) [GET]
Rendering template within layouts/application
Rendering interfaces/new
Rendered shared/_identification (5.0ms)
Completed in 34ms (View: 31, DB: 0) | 200 OK [http://localhost/interfaces/new]


Processing InterfacesController#new (for 127.0.0.1 at 2010-01-30 19:49:43) [GET]
Rendering template within layouts/application
Rendering interfaces/new
Rendered shared/_identification (7.0ms)
Completed in 37ms (View: 32, DB: 0) | 200 OK [http://localhost/interfaces/new]


Processing InterfacesController#new (for 127.0.0.1 at 2010-01-30 19:49:55) [GET]
Rendering template within layouts/application
Rendering interfaces/new
Rendered shared/_identification (5.0ms)
Completed in 130ms (View: 127, DB: 0) | 200 OK [http://localhost/interfaces/new]


Processing InterfacesController#new (for 127.0.0.1 at 2010-01-30 19:50:14) [GET]
Rendering template within layouts/application
Rendering interfaces/new
Rendered shared/_identification (5.0ms)
Completed in 34ms (View: 31, DB: 0) | 200 OK [http://localhost/interfaces/new]


Processing InterfacesController#new (for 127.0.0.1 at 2010-01-30 19:51:17) [GET]
Rendering template within layouts/application
Rendering interfaces/new
Rendered shared/_identification (1.0ms)
Completed in 22ms (View: 19, DB: 0) | 200 OK [http://localhost/interfaces/new]


Processing InterfacesController#new (for 127.0.0.1 at 2010-01-30 19:53:32) [GET]
Rendering template within layouts/application
Rendering interfaces/new
Rendered shared/_identification (6.0ms)
Completed in 33ms (View: 30, DB: 0) | 200 OK [http://localhost/interfaces/new]


Processing InterfacesController#new (for 127.0.0.1 at 2010-01-30 19:56:04) [GET]
Rendering template within layouts/application
Rendering interfaces/new
Rendered shared/_identification (3.0ms)
Completed in 118ms (View: 115, DB: 0) | 200 OK [http://localhost/interfaces/new]


Processing InterfacesController#new (for 127.0.0.1 at 2010-01-30 19:56:41) [GET]
Rendering template within layouts/application
Rendering interfaces/new
Rendered shared/_identification (6.0ms)
Completed in 34ms (View: 31, DB: 0) | 200 OK [http://localhost/interfaces/new]


Processing InterfacesController#new (for 127.0.0.1 at 2010-01-30 19:58:02) [GET]
Rendering template within layouts/application
Rendering interfaces/new
Rendered shared/_identification (7.0ms)
Completed in 35ms (View: 33, DB: 0) | 200 OK [http://localhost/interfaces/new]


Processing InterfacesController#new (for 127.0.0.1 at 2010-01-30 19:58:21) [GET]
Rendering template within layouts/application
Rendering interfaces/new
Rendered shared/_identification (5.0ms)
Completed in 50ms (View: 47, DB: 0) | 200 OK [http://localhost/interfaces/new]


Processing UsersController#new (for 127.0.0.1 at 2010-01-30 19:58:26) [GET]
  [4;36;1mSQL (2.0ms)[0m   [0;1m SELECT name
 FROM sqlite_master
 WHERE type = 'table' AND NOT name = 'sqlite_sequence'
[0m
  [4;35;1mSQL (1.0ms)[0m   [0m SELECT name
 FROM sqlite_master
 WHERE type = 'table' AND NOT name = 'sqlite_sequence'
[0m

NameError (undefined local variable or method `act_as_authentic' for #<Class:0x7020f24>):
  app/models/user.rb:2
  app/controllers/users_controller.rb:27:in `new'
  c:/ruby/lib/ruby/1.8/webrick/httpserver.rb:104:in `service'
  c:/ruby/lib/ruby/1.8/webrick/httpserver.rb:65:in `run'
  c:/ruby/lib/ruby/1.8/webrick/server.rb:173:in `start_thread'
  c:/ruby/lib/ruby/1.8/webrick/server.rb:162:in `start'
  c:/ruby/lib/ruby/1.8/webrick/server.rb:162:in `start_thread'
  c:/ruby/lib/ruby/1.8/webrick/server.rb:95:in `start'
  c:/ruby/lib/ruby/1.8/webrick/server.rb:92:in `each'
  c:/ruby/lib/ruby/1.8/webrick/server.rb:92:in `start'
  c:/ruby/lib/ruby/1.8/webrick/server.rb:23:in `start'
  c:/ruby/lib/ruby/1.8/webrick/server.rb:82:in `start'

Rendered rescues/_trace (78.0ms)
Rendered rescues/_request_and_response (1.0ms)
Rendering rescues/layout (internal_server_error)


Processing UsersController#new (for 127.0.0.1 at 2010-01-30 20:00:00) [GET]
Rendering template within layouts/users
Rendering users/new
Completed in 289ms (View: 257, DB: 0) | 200 OK [http://localhost/users/new]


Processing ApplicationController#index (for 127.0.0.1 at 2010-01-30 20:00:01) [GET]

ActionController::RoutingError (No route matches "/stylesheets/scaffold.css" with {:method=>:get}):
  c:/ruby/lib/ruby/1.8/webrick/httpserver.rb:104:in `service'
  c:/ruby/lib/ruby/1.8/webrick/httpserver.rb:65:in `run'
  c:/ruby/lib/ruby/1.8/webrick/server.rb:173:in `start_thread'
  c:/ruby/lib/ruby/1.8/webrick/server.rb:162:in `start'
  c:/ruby/lib/ruby/1.8/webrick/server.rb:162:in `start_thread'
  c:/ruby/lib/ruby/1.8/webrick/server.rb:95:in `start'
  c:/ruby/lib/ruby/1.8/webrick/server.rb:92:in `each'
  c:/ruby/lib/ruby/1.8/webrick/server.rb:92:in `start'
  c:/ruby/lib/ruby/1.8/webrick/server.rb:23:in `start'
  c:/ruby/lib/ruby/1.8/webrick/server.rb:82:in `start'

Rendering rescues/layout (not_found)


Processing UsersController#index (for 127.0.0.1 at 2010-01-30 20:00:28) [GET]
  [4;36;1mUser Load (0.0ms)[0m   [0;1mSELECT * FROM "users" [0m
Rendering template within layouts/users
Rendering users/index
Completed in 133ms (View: 18, DB: 0) | 200 OK [http://localhost/users]


Processing ApplicationController#index (for 127.0.0.1 at 2010-01-30 20:00:29) [GET]

ActionController::RoutingError (No route matches "/stylesheets/scaffold.css" with {:method=>:get}):
  c:/ruby/lib/ruby/1.8/webrick/httpserver.rb:104:in `service'
  c:/ruby/lib/ruby/1.8/webrick/httpserver.rb:65:in `run'
  c:/ruby/lib/ruby/1.8/webrick/server.rb:173:in `start_thread'
  c:/ruby/lib/ruby/1.8/webrick/server.rb:162:in `start'
  c:/ruby/lib/ruby/1.8/webrick/server.rb:162:in `start_thread'
  c:/ruby/lib/ruby/1.8/webrick/server.rb:95:in `start'
  c:/ruby/lib/ruby/1.8/webrick/server.rb:92:in `each'
  c:/ruby/lib/ruby/1.8/webrick/server.rb:92:in `start'
  c:/ruby/lib/ruby/1.8/webrick/server.rb:23:in `start'
  c:/ruby/lib/ruby/1.8/webrick/server.rb:82:in `start'

Rendering rescues/layout (not_found)


Processing UsersController#new (for 127.0.0.1 at 2010-01-30 20:01:29) [GET]
Rendering template within layouts/application
Rendering users/new
Rendered shared/_identification (1.0ms)
Completed in 55ms (View: 27, DB: 0) | 200 OK [http://localhost/users/new]


Processing InterfacesController#new (for 127.0.0.1 at 2010-01-30 20:02:48) [GET]
Rendering template within layouts/application
Rendering interfaces/new
Rendered shared/_identification (0.0ms)
Completed in 26ms (View: 22, DB: 0) | 200 OK [http://localhost/interfaces/new]


Processing UsersController#new (for 127.0.0.1 at 2010-01-30 20:02:50) [GET]
Rendering template within layouts/application
Rendering users/new
Rendered shared/_identification (1.0ms)
Completed in 160ms (View: 134, DB: 0) | 200 OK [http://localhost/users/new]


Processing UsersController#new (for 127.0.0.1 at 2010-01-30 20:04:45) [GET]
Rendering template within layouts/application
Rendering users/new
Rendered shared/_identification (4.0ms)
Completed in 71ms (View: 46, DB: 0) | 200 OK [http://localhost/users/new]


Processing UsersController#new (for 127.0.0.1 at 2010-01-30 20:05:07) [GET]
Rendering template within layouts/application
Rendering users/new
Rendered shared/_identification (1.0ms)
Completed in 76ms (View: 50, DB: 0) | 200 OK [http://localhost/users/new]


Processing UsersController#new (for 127.0.0.1 at 2010-01-30 20:05:28) [GET]
Rendering template within layouts/application
Rendering users/new
Rendered shared/_identification (1.0ms)
Completed in 262ms (View: 48, DB: 0) | 200 OK [http://localhost/users/new]


Processing UsersController#new (for 127.0.0.1 at 2010-01-30 20:05:52) [GET]
Rendering template within layouts/application
Rendering users/new
Rendered shared/_identification (1.0ms)
Completed in 87ms (View: 53, DB: 0) | 200 OK [http://localhost/users/new]


Processing UsersController#new (for 127.0.0.1 at 2010-01-30 20:06:26) [GET]
Rendering template within layouts/application
Rendering users/new
Rendered shared/_identification (1.0ms)
Completed in 158ms (View: 39, DB: 0) | 200 OK [http://localhost/users/new]


Processing UsersController#new (for 127.0.0.1 at 2010-01-30 20:08:03) [GET]
Rendering template within layouts/application
Rendering users/new
Rendered shared/_identification (0.0ms)
Completed in 69ms (View: 42, DB: 0) | 200 OK [http://localhost/users/new]


Processing UsersController#new (for 127.0.0.1 at 2010-01-30 20:11:54) [GET]
Rendering template within layouts/application
Rendering users/new
Rendered shared/_identification (1.0ms)
Completed in 60ms (View: 32, DB: 0) | 200 OK [http://localhost/users/new]


Processing UsersController#new (for 127.0.0.1 at 2010-01-30 20:12:19) [GET]
Rendering template within layouts/application
Rendering users/new
Rendered shared/_identification (1.0ms)
Completed in 166ms (View: 138, DB: 0) | 200 OK [http://localhost/users/new]


Processing InterfacesController#index (for 127.0.0.1 at 2010-01-30 20:19:34) [GET]
Rendering template within layouts/application
Rendering interfaces/index
Rendered shared/_identification (4.0ms)
Completed in 262ms (View: 259, DB: 0) | 200 OK [http://localhost/]


Processing UsersController#new (for 127.0.0.1 at 2010-01-30 20:19:38) [GET]
Rendering template within layouts/application
Rendering users/new
Rendered shared/_identification (1.0ms)
Completed in 85ms (View: 55, DB: 0) | 200 OK [http://localhost/users/new]


Processing UsersController#create (for 127.0.0.1 at 2010-01-30 20:20:03) [POST]
  Parameters: {"user"=>{"password_confirmation"=>"tre", "username"=>"admin", "password"=>"radiant", "email"=>"test"}, "commit"=>"Create", "authenticity_token"=>"okqp4l9oQ2QKqvRyqBK3ySAoJ4HG7X+1/qpQmHLm9O0="}
  [4;36;1mUser Load (3.0ms)[0m   [0;1mSELECT "users".id FROM "users" WHERE (LOWER("users"."email") = 'test') LIMIT 1[0m
  [4;35;1mUser Load (1.0ms)[0m   [0mSELECT "users".id FROM "users" WHERE (LOWER("users"."username") = 'admin') LIMIT 1[0m
  [4;36;1mUser Load (0.0ms)[0m   [0;1mSELECT "users".id FROM "users" WHERE ("users"."persistence_token" = '821a700ba2082b505d9416e4b89b21d0b94191bc9495cd33a511164504135267328ce2a6dbb4029ba0e526adfd8b90126366160190beecbfa47a9963ee98447a') LIMIT 1[0m
Rendering template within layouts/application
Rendering users/new
Rendered shared/_identification (1.0ms)
Completed in 1277ms (View: 62, DB: 4) | 200 OK [http://localhost/users]


Processing UsersController#create (for 127.0.0.1 at 2010-01-30 20:21:09) [POST]
  Parameters: {"user"=>{"password_confirmation"=>"azerty", "username"=>"test", "password"=>"azerty", "email"=>"test@test.com"}, "commit"=>"Create", "authenticity_token"=>"okqp4l9oQ2QKqvRyqBK3ySAoJ4HG7X+1/qpQmHLm9O0="}
  [4;35;1mUser Load (0.0ms)[0m   [0mSELECT "users".id FROM "users" WHERE (LOWER("users"."email") = 'test@test.com') LIMIT 1[0m
  [4;36;1mUser Load (0.0ms)[0m   [0;1mSELECT "users".id FROM "users" WHERE (LOWER("users"."username") = 'test') LIMIT 1[0m
  [4;35;1mUser Load (1.0ms)[0m   [0mSELECT "users".id FROM "users" WHERE ("users"."persistence_token" = '6161a3c46f607da1aee4afa82b99d7abd92d62c997854d8910655d6c52d93e85884c67940b7a9e40264da88b50f3a1939309274524dfa8f341b95203065f36bb') LIMIT 1[0m
  [4;36;1mUser Create (2.0ms)[0m   [0;1mINSERT INTO "users" ("updated_at", "crypted_password", "username", "password_salt", "persistence_token", "email", "created_at") VALUES('2010-01-30 19:21:09', '8cdabf705e430e7467187831d0e06d39327d5b88ad39877198bcc8aa76454e85cd14b233daf9d3a7c78c45af0650d0b175e778d3b64d6e6c193db4befe6ff4d9', 'test', 'mX8rrjRIGwrPh_AE8eSM', '6161a3c46f607da1aee4afa82b99d7abd92d62c997854d8910655d6c52d93e85884c67940b7a9e40264da88b50f3a1939309274524dfa8f341b95203065f36bb', 'test@test.com', '2010-01-30 19:21:09')[0m
Redirected to http://localhost:3000/
Completed in 191ms (DB: 3) | 302 Found [http://localhost/users]


Processing InterfacesController#index (for 127.0.0.1 at 2010-01-30 20:21:09) [GET]
Rendering template within layouts/application
Rendering interfaces/index
Rendered shared/_identification (1.0ms)
Completed in 24ms (View: 19, DB: 0) | 200 OK [http://localhost/]


Processing InterfacesController#new (for 127.0.0.1 at 2010-01-30 20:50:26) [GET]
Rendering template within layouts/application
Rendering interfaces/new

ActionView::TemplateError (Called id for nil, which would mistakenly be 4 -- if you really wanted the id of nil, use object_id) on line #2 of app/views/shared/_identification.html.erb:
1: <div id="identification">
2:   <% form_for(@user_session) do |f| %>
3:   <%= f.error_messages %>
4: 
5:   <p align="right">

    app/views/shared/_identification.html.erb:2
    app/views/layouts/application.html.erb:20
    c:/ruby/lib/ruby/1.8/webrick/httpserver.rb:104:in `service'
    c:/ruby/lib/ruby/1.8/webrick/httpserver.rb:65:in `run'
    c:/ruby/lib/ruby/1.8/webrick/server.rb:173:in `start_thread'
    c:/ruby/lib/ruby/1.8/webrick/server.rb:162:in `start'
    c:/ruby/lib/ruby/1.8/webrick/server.rb:162:in `start_thread'
    c:/ruby/lib/ruby/1.8/webrick/server.rb:95:in `start'
    c:/ruby/lib/ruby/1.8/webrick/server.rb:92:in `each'
    c:/ruby/lib/ruby/1.8/webrick/server.rb:92:in `start'
    c:/ruby/lib/ruby/1.8/webrick/server.rb:23:in `start'
    c:/ruby/lib/ruby/1.8/webrick/server.rb:82:in `start'

Rendered rescues/_trace (127.0ms)
Rendered rescues/_request_and_response (5.0ms)
Rendering rescues/layout (internal_server_error)


Processing ActionController::Base#new (for 127.0.0.1 at 2010-01-30 20:52:54) [GET]

Authlogic::Session::Activation::NotActivatedError (You must activate the Authlogic::Session::Base.controller with a controller object before creating objects):
  authlogic (2.1.3) lib/authlogic/session/activation.rb:47:in `initialize'
  authlogic (2.1.3) lib/authlogic/session/klass.rb:64:in `initialize'
  authlogic (2.1.3) lib/authlogic/session/scopes.rb:79:in `initialize'
  app/controllers/application_controller.rb:7:in `new'
  app/controllers/application_controller.rb:7
  app/controllers/interfaces_controller.rb:1
  c:/ruby/lib/ruby/1.8/webrick/httpserver.rb:104:in `service'
  c:/ruby/lib/ruby/1.8/webrick/httpserver.rb:65:in `run'
  c:/ruby/lib/ruby/1.8/webrick/server.rb:173:in `start_thread'
  c:/ruby/lib/ruby/1.8/webrick/server.rb:162:in `start'
  c:/ruby/lib/ruby/1.8/webrick/server.rb:162:in `start_thread'
  c:/ruby/lib/ruby/1.8/webrick/server.rb:95:in `start'
  c:/ruby/lib/ruby/1.8/webrick/server.rb:92:in `each'
  c:/ruby/lib/ruby/1.8/webrick/server.rb:92:in `start'
  c:/ruby/lib/ruby/1.8/webrick/server.rb:23:in `start'
  c:/ruby/lib/ruby/1.8/webrick/server.rb:82:in `start'

Rendered rescues/_trace (188.0ms)
Rendered rescues/_request_and_response (0.0ms)
Rendering rescues/layout (internal_server_error)


Processing UserSessionsController#new (for 127.0.0.1 at 2010-01-30 20:54:48) [GET]
Rendering template within layouts/application
Rendering user_sessions/new

ActionView::TemplateError (undefined method `email' for #<UserSession: no credentials provided>) on line #6 of app/views/shared/_identification.html.erb:
3:   <%= f.error_messages %>
4: 
5:   <p align="right">
6:     <%= f.label :email %> <%= f.text_field :email %>
7:     <br/>
8:     <%= f.label :password %> <%= f.text_field :password %>
9:     <%= f.submit 'Go !',:class=>"action_button" %>

    app/views/shared/_identification.html.erb:6
    app/views/shared/_identification.html.erb:2
    app/views/layouts/application.html.erb:20
    c:/ruby/lib/ruby/1.8/webrick/httpserver.rb:104:in `service'
    c:/ruby/lib/ruby/1.8/webrick/httpserver.rb:65:in `run'
    c:/ruby/lib/ruby/1.8/webrick/server.rb:173:in `start_thread'
    c:/ruby/lib/ruby/1.8/webrick/server.rb:162:in `start'
    c:/ruby/lib/ruby/1.8/webrick/server.rb:162:in `start_thread'
    c:/ruby/lib/ruby/1.8/webrick/server.rb:95:in `start'
    c:/ruby/lib/ruby/1.8/webrick/server.rb:92:in `each'
    c:/ruby/lib/ruby/1.8/webrick/server.rb:92:in `start'
    c:/ruby/lib/ruby/1.8/webrick/server.rb:23:in `start'
    c:/ruby/lib/ruby/1.8/webrick/server.rb:82:in `start'

Rendered rescues/_trace (217.0ms)
Rendered rescues/_request_and_response (1.0ms)
Rendering rescues/layout (internal_server_error)
  [4;36;1mSQL (1.0ms)[0m   [0;1m SELECT name
 FROM sqlite_master
 WHERE type = 'table' AND NOT name = 'sqlite_sequence'
[0m
  [4;35;1mSQL (1.0ms)[0m   [0mSELECT version FROM schema_migrations[0m
Migrating to CreateInterfaces (20100125093931)
Migrating to CreateUsers (20100130183445)
Migrating to CreateUserSessions (20100130192848)
  [4;36;1mSQL (1.0ms)[0m   [0;1mselect sqlite_version(*)[0m
  [4;35;1mSQL (2.0ms)[0m   [0mCREATE TABLE "user_sessions" ("id" INTEGER PRIMARY KEY AUTOINCREMENT NOT NULL, "email" varchar(255), "password" varchar(255), "created_at" datetime, "updated_at" datetime) [0m
  [4;36;1mSQL (1.0ms)[0m   [0;1mINSERT INTO schema_migrations (version) VALUES ('20100130192848')[0m
  [4;35;1mSQL (1.0ms)[0m   [0m SELECT name
 FROM sqlite_master
 WHERE type = 'table' AND NOT name = 'sqlite_sequence'
[0m
  [4;36;1mSQL (1.0ms)[0m   [0;1mSELECT version FROM schema_migrations[0m
  [4;35;1mSQL (1.0ms)[0m   [0m SELECT name
 FROM sqlite_master
 WHERE type = 'table' AND NOT name = 'sqlite_sequence'
[0m
  [4;36;1mSQL (1.0ms)[0m   [0;1mPRAGMA index_list("interfaces")[0m
  [4;35;1mSQL (0.0ms)[0m   [0mPRAGMA index_list("user_sessions")[0m
  [4;36;1mSQL (0.0ms)[0m   [0;1mPRAGMA index_list("users")[0m


Processing UserSessionsController#new (for 127.0.0.1 at 2010-01-30 20:55:54) [GET]
Rendering template within layouts/application
Rendering user_sessions/new

ActionView::TemplateError (undefined method `email' for #<UserSession: no credentials provided>) on line #6 of app/views/shared/_identification.html.erb:
3:   <%= f.error_messages %>
4: 
5:   <p align="right">
6:     <%= f.label :email %> <%= f.text_field :email %>
7:     <br/>
8:     <%= f.label :password %> <%= f.text_field :password %>
9:     <%= f.submit 'Go !',:class=>"action_button" %>

    app/views/shared/_identification.html.erb:6
    app/views/shared/_identification.html.erb:2
    app/views/layouts/application.html.erb:20
    c:/ruby/lib/ruby/1.8/webrick/httpserver.rb:104:in `service'
    c:/ruby/lib/ruby/1.8/webrick/httpserver.rb:65:in `run'
    c:/ruby/lib/ruby/1.8/webrick/server.rb:173:in `start_thread'
    c:/ruby/lib/ruby/1.8/webrick/server.rb:162:in `start'
    c:/ruby/lib/ruby/1.8/webrick/server.rb:162:in `start_thread'
    c:/ruby/lib/ruby/1.8/webrick/server.rb:95:in `start'
    c:/ruby/lib/ruby/1.8/webrick/server.rb:92:in `each'
    c:/ruby/lib/ruby/1.8/webrick/server.rb:92:in `start'
    c:/ruby/lib/ruby/1.8/webrick/server.rb:23:in `start'
    c:/ruby/lib/ruby/1.8/webrick/server.rb:82:in `start'

Rendered rescues/_trace (228.0ms)
Rendered rescues/_request_and_response (1.0ms)
Rendering rescues/layout (internal_server_error)


Processing UserSessionsController#new (for 127.0.0.1 at 2010-01-30 20:57:41) [GET]
Rendering template within layouts/application
Rendering user_sessions/new

ActionView::TemplateError (undefined method `email' for #<UserSession: no credentials provided>) on line #8 of app/views/user_sessions/new.html.erb:
5: 
6:   <p>
7:     <%= f.label :email %><br />
8:     <%= f.text_field :email %>
9:   </p>
10:   <p>
11:     <%= f.label :password %><br />

    app/views/user_sessions/new.html.erb:8
    app/views/user_sessions/new.html.erb:3
    c:/ruby/lib/ruby/1.8/webrick/httpserver.rb:104:in `service'
    c:/ruby/lib/ruby/1.8/webrick/httpserver.rb:65:in `run'
    c:/ruby/lib/ruby/1.8/webrick/server.rb:173:in `start_thread'
    c:/ruby/lib/ruby/1.8/webrick/server.rb:162:in `start'
    c:/ruby/lib/ruby/1.8/webrick/server.rb:162:in `start_thread'
    c:/ruby/lib/ruby/1.8/webrick/server.rb:95:in `start'
    c:/ruby/lib/ruby/1.8/webrick/server.rb:92:in `each'
    c:/ruby/lib/ruby/1.8/webrick/server.rb:92:in `start'
    c:/ruby/lib/ruby/1.8/webrick/server.rb:23:in `start'
    c:/ruby/lib/ruby/1.8/webrick/server.rb:82:in `start'

Rendered rescues/_trace (320.0ms)
Rendered rescues/_request_and_response (1.0ms)
Rendering rescues/layout (internal_server_error)


Processing UserSessionsController#new (for 127.0.0.1 at 2010-01-30 20:57:47) [GET]
Rendering template within layouts/application
Rendering user_sessions/new

ActionView::TemplateError (undefined method `email' for #<UserSession: no credentials provided>) on line #8 of app/views/user_sessions/new.html.erb:
5: 
6:   <p>
7:     <%= f.label :email %><br />
8:     <%= f.text_field :email %>
9:   </p>
10:   <p>
11:     <%= f.label :password %><br />

    app/views/user_sessions/new.html.erb:8
    app/views/user_sessions/new.html.erb:3
    c:/ruby/lib/ruby/1.8/webrick/httpserver.rb:104:in `service'
    c:/ruby/lib/ruby/1.8/webrick/httpserver.rb:65:in `run'
    c:/ruby/lib/ruby/1.8/webrick/server.rb:173:in `start_thread'
    c:/ruby/lib/ruby/1.8/webrick/server.rb:162:in `start'
    c:/ruby/lib/ruby/1.8/webrick/server.rb:162:in `start_thread'
    c:/ruby/lib/ruby/1.8/webrick/server.rb:95:in `start'
    c:/ruby/lib/ruby/1.8/webrick/server.rb:92:in `each'
    c:/ruby/lib/ruby/1.8/webrick/server.rb:92:in `start'
    c:/ruby/lib/ruby/1.8/webrick/server.rb:23:in `start'
    c:/ruby/lib/ruby/1.8/webrick/server.rb:82:in `start'

Rendered rescues/_trace (97.0ms)
Rendered rescues/_request_and_response (1.0ms)
Rendering rescues/layout (internal_server_error)


Processing UserSessionsController#new (for 127.0.0.1 at 2010-01-30 21:06:49) [GET]
Rendering template within layouts/user_sessions
Rendering user_sessions/new

ActionView::TemplateError (undefined method `email' for #<UserSession: no credentials provided>) on line #8 of app/views/user_sessions/new.html.erb:
5: 
6:   <p>
7:     <%= f.label :email %><br />
8:     <%= f.text_field :email %>
9:   </p>
10:   <p>
11:     <%= f.label :password %><br />

    app/views/user_sessions/new.html.erb:8
    app/views/user_sessions/new.html.erb:3
    c:/ruby/lib/ruby/1.8/webrick/httpserver.rb:104:in `service'
    c:/ruby/lib/ruby/1.8/webrick/httpserver.rb:65:in `run'
    c:/ruby/lib/ruby/1.8/webrick/server.rb:173:in `start_thread'
    c:/ruby/lib/ruby/1.8/webrick/server.rb:162:in `start'
    c:/ruby/lib/ruby/1.8/webrick/server.rb:162:in `start_thread'
    c:/ruby/lib/ruby/1.8/webrick/server.rb:95:in `start'
    c:/ruby/lib/ruby/1.8/webrick/server.rb:92:in `each'
    c:/ruby/lib/ruby/1.8/webrick/server.rb:92:in `start'
    c:/ruby/lib/ruby/1.8/webrick/server.rb:23:in `start'
    c:/ruby/lib/ruby/1.8/webrick/server.rb:82:in `start'

Rendered rescues/_trace (204.0ms)
Rendered rescues/_request_and_response (0.0ms)
Rendering rescues/layout (internal_server_error)


Processing UserSessionsController#new (for 127.0.0.1 at 2010-01-30 21:14:20) [GET]
Rendering template within layouts/user_sessions
Rendering user_sessions/new

ActionView::TemplateError (undefined method `user_name' for #<UserSession: no credentials provided>) on line #8 of app/views/user_sessions/new.html.erb:
5: 
6:   <p>
7:     <%= f.label :user_name %><br />
8:     <%= f.text_field :user_name %>
9:   </p>
10:   <p>
11:     <%= f.label :password %><br />

    app/views/user_sessions/new.html.erb:8
    app/views/user_sessions/new.html.erb:3
    c:/ruby/lib/ruby/1.8/webrick/httpserver.rb:104:in `service'
    c:/ruby/lib/ruby/1.8/webrick/httpserver.rb:65:in `run'
    c:/ruby/lib/ruby/1.8/webrick/server.rb:173:in `start_thread'
    c:/ruby/lib/ruby/1.8/webrick/server.rb:162:in `start'
    c:/ruby/lib/ruby/1.8/webrick/server.rb:162:in `start_thread'
    c:/ruby/lib/ruby/1.8/webrick/server.rb:95:in `start'
    c:/ruby/lib/ruby/1.8/webrick/server.rb:92:in `each'
    c:/ruby/lib/ruby/1.8/webrick/server.rb:92:in `start'
    c:/ruby/lib/ruby/1.8/webrick/server.rb:23:in `start'
    c:/ruby/lib/ruby/1.8/webrick/server.rb:82:in `start'

Rendered rescues/_trace (96.0ms)
Rendered rescues/_request_and_response (0.0ms)
Rendering rescues/layout (internal_server_error)


Processing UserSessionsController#new (for 127.0.0.1 at 2010-01-30 21:14:56) [GET]
Rendering template within layouts/user_sessions
Rendering user_sessions/new
Completed in 72ms (View: 25, DB: 0) | 200 OK [http://localhost/login]


Processing UserSessionsController#new (for 127.0.0.1 at 2010-01-30 21:15:06) [GET]
Rendering template within layouts/application
Rendering user_sessions/new
Rendered shared/_identification (11.0ms)
Completed in 86ms (View: 43, DB: 0) | 200 OK [http://localhost/login]


Processing InterfacesController#new (for 127.0.0.1 at 2010-01-30 21:15:18) [GET]
Rendering template within layouts/application
Rendering interfaces/new

ActionView::TemplateError (Called id for nil, which would mistakenly be 4 -- if you really wanted the id of nil, use object_id) on line #2 of app/views/shared/_identification.html.erb:
1: <div id="identification">
2:   <% form_for(@user_session) do |f| %>
3:   <%= f.error_messages %>
4: 
5:   <p align="right">

    app/views/shared/_identification.html.erb:2
    app/views/layouts/application.html.erb:20
    c:/ruby/lib/ruby/1.8/webrick/httpserver.rb:104:in `service'
    c:/ruby/lib/ruby/1.8/webrick/httpserver.rb:65:in `run'
    c:/ruby/lib/ruby/1.8/webrick/server.rb:173:in `start_thread'
    c:/ruby/lib/ruby/1.8/webrick/server.rb:162:in `start'
    c:/ruby/lib/ruby/1.8/webrick/server.rb:162:in `start_thread'
    c:/ruby/lib/ruby/1.8/webrick/server.rb:95:in `start'
    c:/ruby/lib/ruby/1.8/webrick/server.rb:92:in `each'
    c:/ruby/lib/ruby/1.8/webrick/server.rb:92:in `start'
    c:/ruby/lib/ruby/1.8/webrick/server.rb:23:in `start'
    c:/ruby/lib/ruby/1.8/webrick/server.rb:82:in `start'

Rendered rescues/_trace (237.0ms)
Rendered rescues/_request_and_response (1.0ms)
Rendering rescues/layout (internal_server_error)


Processing UsersController#new (for 127.0.0.1 at 2010-01-30 21:15:35) [GET]
Rendering template within layouts/application
Rendering users/new

ActionView::TemplateError (Called id for nil, which would mistakenly be 4 -- if you really wanted the id of nil, use object_id) on line #2 of app/views/shared/_identification.html.erb:
1: <div id="identification">
2:   <% form_for(@user_session) do |f| %>
3:   <%= f.error_messages %>
4: 
5:   <p align="right">

    app/views/shared/_identification.html.erb:2
    app/views/layouts/application.html.erb:20
    c:/ruby/lib/ruby/1.8/webrick/httpserver.rb:104:in `service'
    c:/ruby/lib/ruby/1.8/webrick/httpserver.rb:65:in `run'
    c:/ruby/lib/ruby/1.8/webrick/server.rb:173:in `start_thread'
    c:/ruby/lib/ruby/1.8/webrick/server.rb:162:in `start'
    c:/ruby/lib/ruby/1.8/webrick/server.rb:162:in `start_thread'
    c:/ruby/lib/ruby/1.8/webrick/server.rb:95:in `start'
    c:/ruby/lib/ruby/1.8/webrick/server.rb:92:in `each'
    c:/ruby/lib/ruby/1.8/webrick/server.rb:92:in `start'
    c:/ruby/lib/ruby/1.8/webrick/server.rb:23:in `start'
    c:/ruby/lib/ruby/1.8/webrick/server.rb:82:in `start'

Rendered rescues/_trace (256.0ms)
Rendered rescues/_request_and_response (1.0ms)
Rendering rescues/layout (internal_server_error)


Processing UserSessionsController#new (for 127.0.0.1 at 2010-01-30 21:16:25) [GET]
Rendering template within layouts/application
Rendering user_sessions/new
Rendered shared/_identification (10.0ms)
Completed in 80ms (View: 43, DB: 0) | 200 OK [http://localhost/login]


Processing UserSessionsController#new (for 127.0.0.1 at 2010-01-30 21:16:46) [GET]
Rendering template within layouts/application
Rendering user_sessions/new
Rendered shared/_identification (8.0ms)
Completed in 86ms (View: 47, DB: 0) | 200 OK [http://localhost/login]


Processing InterfacesController#new (for 127.0.0.1 at 2010-01-30 21:17:56) [GET]
Rendering template within layouts/application
Rendering interfaces/new

ActionView::TemplateError (Called id for nil, which would mistakenly be 4 -- if you really wanted the id of nil, use object_id) on line #2 of app/views/shared/_identification.html.erb:
1: <div id="identification">
2:   <% form_for(@user_session) do |f| %>
3:   <%= f.error_messages %>
4: 
5:   <p align="right">

    app/views/shared/_identification.html.erb:2
    app/views/layouts/application.html.erb:20
    c:/ruby/lib/ruby/1.8/webrick/httpserver.rb:104:in `service'
    c:/ruby/lib/ruby/1.8/webrick/httpserver.rb:65:in `run'
    c:/ruby/lib/ruby/1.8/webrick/server.rb:173:in `start_thread'
    c:/ruby/lib/ruby/1.8/webrick/server.rb:162:in `start'
    c:/ruby/lib/ruby/1.8/webrick/server.rb:162:in `start_thread'
    c:/ruby/lib/ruby/1.8/webrick/server.rb:95:in `start'
    c:/ruby/lib/ruby/1.8/webrick/server.rb:92:in `each'
    c:/ruby/lib/ruby/1.8/webrick/server.rb:92:in `start'
    c:/ruby/lib/ruby/1.8/webrick/server.rb:23:in `start'
    c:/ruby/lib/ruby/1.8/webrick/server.rb:82:in `start'

Rendered rescues/_trace (115.0ms)
Rendered rescues/_request_and_response (0.0ms)
Rendering rescues/layout (internal_server_error)


Processing ActionController::Base#new (for 127.0.0.1 at 2010-01-30 21:20:05) [GET]

Authlogic::Session::Activation::NotActivatedError (You must activate the Authlogic::Session::Base.controller with a controller object before creating objects):
  authlogic (2.1.3) lib/authlogic/session/activation.rb:47:in `initialize'
  authlogic (2.1.3) lib/authlogic/session/klass.rb:64:in `initialize'
  authlogic (2.1.3) lib/authlogic/session/scopes.rb:79:in `initialize'
  app/controllers/application_controller.rb:7:in `new'
  app/controllers/application_controller.rb:7
  app/controllers/interfaces_controller.rb:1
  c:/ruby/lib/ruby/1.8/webrick/httpserver.rb:104:in `service'
  c:/ruby/lib/ruby/1.8/webrick/httpserver.rb:65:in `run'
  c:/ruby/lib/ruby/1.8/webrick/server.rb:173:in `start_thread'
  c:/ruby/lib/ruby/1.8/webrick/server.rb:162:in `start'
  c:/ruby/lib/ruby/1.8/webrick/server.rb:162:in `start_thread'
  c:/ruby/lib/ruby/1.8/webrick/server.rb:95:in `start'
  c:/ruby/lib/ruby/1.8/webrick/server.rb:92:in `each'
  c:/ruby/lib/ruby/1.8/webrick/server.rb:92:in `start'
  c:/ruby/lib/ruby/1.8/webrick/server.rb:23:in `start'
  c:/ruby/lib/ruby/1.8/webrick/server.rb:82:in `start'

Rendered rescues/_trace (189.0ms)
Rendered rescues/_request_and_response (1.0ms)
Rendering rescues/layout (internal_server_error)


Processing InterfacesController#new (for 127.0.0.1 at 2010-01-30 21:22:27) [GET]
Rendering template within layouts/application
Rendering interfaces/new
Rendered shared/_identification (6.0ms)
Completed in 61ms (View: 30, DB: 0) | 200 OK [http://localhost/interfaces/new]


Processing UserSessionsController#create (for 127.0.0.1 at 2010-01-30 21:25:25) [POST]
  Parameters: {"commit"=>"Go !", "user_session"=>{"username"=>"test", "password"=>"azerty"}, "authenticity_token"=>"okqp4l9oQ2QKqvRyqBK3ySAoJ4HG7X+1/qpQmHLm9O0="}
  [4;35;1mUser Load (2.0ms)[0m   [0mSELECT * FROM "users" WHERE (LOWER("users".username) = 'test') LIMIT 1[0m
Redirected to http://localhost:3000/
Completed in 43ms (DB: 2) | 302 Found [http://localhost/user_sessions]


Processing InterfacesController#index (for 127.0.0.1 at 2010-01-30 21:25:25) [GET]
Rendering template within layouts/application
Rendering interfaces/index

ActionView::TemplateError (Called id for nil, which would mistakenly be 4 -- if you really wanted the id of nil, use object_id) on line #2 of app/views/shared/_identification.html.erb:
1: <div id="identification">
2:   <% form_for(@user_session) do |f| %>
3:   <%= f.error_messages %>
4: 
5:   <p align="right">

    app/views/shared/_identification.html.erb:2
    app/views/layouts/application.html.erb:20
    c:/ruby/lib/ruby/1.8/webrick/httpserver.rb:104:in `service'
    c:/ruby/lib/ruby/1.8/webrick/httpserver.rb:65:in `run'
    c:/ruby/lib/ruby/1.8/webrick/server.rb:173:in `start_thread'
    c:/ruby/lib/ruby/1.8/webrick/server.rb:162:in `start'
    c:/ruby/lib/ruby/1.8/webrick/server.rb:162:in `start_thread'
    c:/ruby/lib/ruby/1.8/webrick/server.rb:95:in `start'
    c:/ruby/lib/ruby/1.8/webrick/server.rb:92:in `each'
    c:/ruby/lib/ruby/1.8/webrick/server.rb:92:in `start'
    c:/ruby/lib/ruby/1.8/webrick/server.rb:23:in `start'
    c:/ruby/lib/ruby/1.8/webrick/server.rb:82:in `start'

Rendered rescues/_trace (231.0ms)
Rendered rescues/_request_and_response (1.0ms)
Rendering rescues/layout (internal_server_error)


Processing InterfacesController#index (for 127.0.0.1 at 2010-01-30 21:28:22) [GET]
Rendering template within layouts/application
Rendering interfaces/index

ActionView::TemplateError (undefined local variable or method `current_user' for #<ActionView::Base:0x6fac278>) on line #2 of app/views/shared/_identification.html.erb:
1: <div id="identification">
2:   <%if current_user%>
3:     <p>Bienvenue <%=current_user.user_name%> :)</p>
4:   <%else%>
5:   <% form_for(@user_session) do |f| %>

    app/views/shared/_identification.html.erb:2
    app/views/layouts/application.html.erb:20
    c:/ruby/lib/ruby/1.8/webrick/httpserver.rb:104:in `service'
    c:/ruby/lib/ruby/1.8/webrick/httpserver.rb:65:in `run'
    c:/ruby/lib/ruby/1.8/webrick/server.rb:173:in `start_thread'
    c:/ruby/lib/ruby/1.8/webrick/server.rb:162:in `start'
    c:/ruby/lib/ruby/1.8/webrick/server.rb:162:in `start_thread'
    c:/ruby/lib/ruby/1.8/webrick/server.rb:95:in `start'
    c:/ruby/lib/ruby/1.8/webrick/server.rb:92:in `each'
    c:/ruby/lib/ruby/1.8/webrick/server.rb:92:in `start'
    c:/ruby/lib/ruby/1.8/webrick/server.rb:23:in `start'
    c:/ruby/lib/ruby/1.8/webrick/server.rb:82:in `start'

Rendered rescues/_trace (224.0ms)
Rendered rescues/_request_and_response (0.0ms)
Rendering rescues/layout (internal_server_error)


Processing InterfacesController#index (for 127.0.0.1 at 2010-01-30 21:33:26) [GET]
Rendering template within layouts/application
Rendering interfaces/index
  [4;36;1mUser Load (1.0ms)[0m   [0;1mSELECT * FROM "users" WHERE ("users"."id" = '1') LIMIT 1[0m

ActionView::TemplateError (undefined method `user_name' for #<User:0x6efb810>) on line #3 of app/views/shared/_identification.html.erb:
1: <div id="identification">
2:   <%if current_user%>
3:     <p>Bienvenue <%=current_user.user_name%> :)<br/>
4:     <%= link_to "Logout", logout_path %></p>
5:   <%else%>
6:   <% form_for(@user_session) do |f| %>

    app/views/shared/_identification.html.erb:3
    app/views/layouts/application.html.erb:20
    c:/ruby/lib/ruby/1.8/webrick/httpserver.rb:104:in `service'
    c:/ruby/lib/ruby/1.8/webrick/httpserver.rb:65:in `run'
    c:/ruby/lib/ruby/1.8/webrick/server.rb:173:in `start_thread'
    c:/ruby/lib/ruby/1.8/webrick/server.rb:162:in `start'
    c:/ruby/lib/ruby/1.8/webrick/server.rb:162:in `start_thread'
    c:/ruby/lib/ruby/1.8/webrick/server.rb:95:in `start'
    c:/ruby/lib/ruby/1.8/webrick/server.rb:92:in `each'
    c:/ruby/lib/ruby/1.8/webrick/server.rb:92:in `start'
    c:/ruby/lib/ruby/1.8/webrick/server.rb:23:in `start'
    c:/ruby/lib/ruby/1.8/webrick/server.rb:82:in `start'

Rendered rescues/_trace (230.0ms)
Rendered rescues/_request_and_response (0.0ms)
Rendering rescues/layout (internal_server_error)


Processing InterfacesController#index (for 127.0.0.1 at 2010-01-30 21:33:59) [GET]
Rendering template within layouts/application
Rendering interfaces/index
  [4;35;1mUser Load (1.0ms)[0m   [0mSELECT * FROM "users" WHERE ("users"."id" = '1') LIMIT 1[0m
Rendered shared/_identification (53.0ms)
Completed in 82ms (View: 77, DB: 1) | 200 OK [http://localhost/]


Processing UserSessionsController#destroy (for 127.0.0.1 at 2010-01-30 22:00:17) [GET]
  [4;36;1mUser Load (1.0ms)[0m   [0;1mSELECT * FROM "users" WHERE ("users"."id" = '1') LIMIT 1[0m
Redirected to http://localhost:3000/
Completed in 44ms (DB: 1) | 302 Found [http://localhost/logout]


Processing InterfacesController#index (for 127.0.0.1 at 2010-01-30 22:00:17) [GET]
Rendering template within layouts/application
Rendering interfaces/index

ActionView::TemplateError (Called id for nil, which would mistakenly be 4 -- if you really wanted the id of nil, use object_id) on line #6 of app/views/shared/_identification.html.erb:
3:     <p>Bienvenue <%=current_user.username%> :)<br/>
4:     <%= link_to "Logout", logout_path %></p>
5:   <%else%>
6:   <% form_for(@user_session) do |f| %>
7:   <%= f.error_messages %>
8: 
9:   <p align="right">

    app/views/shared/_identification.html.erb:6
    app/views/layouts/application.html.erb:20
    c:/ruby/lib/ruby/1.8/webrick/httpserver.rb:104:in `service'
    c:/ruby/lib/ruby/1.8/webrick/httpserver.rb:65:in `run'
    c:/ruby/lib/ruby/1.8/webrick/server.rb:173:in `start_thread'
    c:/ruby/lib/ruby/1.8/webrick/server.rb:162:in `start'
    c:/ruby/lib/ruby/1.8/webrick/server.rb:162:in `start_thread'
    c:/ruby/lib/ruby/1.8/webrick/server.rb:95:in `start'
    c:/ruby/lib/ruby/1.8/webrick/server.rb:92:in `each'
    c:/ruby/lib/ruby/1.8/webrick/server.rb:92:in `start'
    c:/ruby/lib/ruby/1.8/webrick/server.rb:23:in `start'
    c:/ruby/lib/ruby/1.8/webrick/server.rb:82:in `start'

Rendered rescues/_trace (110.0ms)
Rendered rescues/_request_and_response (1.0ms)
Rendering rescues/layout (internal_server_error)


Processing InterfacesController#index (for 127.0.0.1 at 2010-01-30 22:05:42) [GET]
Rendering template within layouts/application
Rendering interfaces/index

ActionView::TemplateError (Called id for nil, which would mistakenly be 4 -- if you really wanted the id of nil, use object_id) on line #6 of app/views/shared/_identification.html.erb:
3:     <p>Bienvenue <%=current_user.username%> :)<br/>
4:     <%= link_to "Logout", logout_path %></p>
5:   <%else%>
6:   <% form_for(@user_session) do |f| %>
7:   <%= f.error_messages %>
8: 
9:   <p align="right">

    app/views/shared/_identification.html.erb:6
    app/views/layouts/application.html.erb:20
    c:/ruby/lib/ruby/1.8/webrick/httpserver.rb:104:in `service'
    c:/ruby/lib/ruby/1.8/webrick/httpserver.rb:65:in `run'
    c:/ruby/lib/ruby/1.8/webrick/server.rb:173:in `start_thread'
    c:/ruby/lib/ruby/1.8/webrick/server.rb:162:in `start'
    c:/ruby/lib/ruby/1.8/webrick/server.rb:162:in `start_thread'
    c:/ruby/lib/ruby/1.8/webrick/server.rb:95:in `start'
    c:/ruby/lib/ruby/1.8/webrick/server.rb:92:in `each'
    c:/ruby/lib/ruby/1.8/webrick/server.rb:92:in `start'
    c:/ruby/lib/ruby/1.8/webrick/server.rb:23:in `start'
    c:/ruby/lib/ruby/1.8/webrick/server.rb:82:in `start'

Rendered rescues/_trace (109.0ms)
Rendered rescues/_request_and_response (0.0ms)
Rendering rescues/layout (internal_server_error)


Processing InterfacesController#index (for 127.0.0.1 at 2010-01-30 22:05:47) [GET]
Rendering template within layouts/application
Rendering interfaces/index

ActionView::TemplateError (Called id for nil, which would mistakenly be 4 -- if you really wanted the id of nil, use object_id) on line #6 of app/views/shared/_identification.html.erb:
3:     <p>Bienvenue <%=current_user.username%> :)<br/>
4:     <%= link_to "Logout", logout_path %></p>
5:   <%else%>
6:   <% form_for(@user_session) do |f| %>
7:   <%= f.error_messages %>
8: 
9:   <p align="right">

    app/views/shared/_identification.html.erb:6
    app/views/layouts/application.html.erb:20
    c:/ruby/lib/ruby/1.8/webrick/httpserver.rb:104:in `service'
    c:/ruby/lib/ruby/1.8/webrick/httpserver.rb:65:in `run'
    c:/ruby/lib/ruby/1.8/webrick/server.rb:173:in `start_thread'
    c:/ruby/lib/ruby/1.8/webrick/server.rb:162:in `start'
    c:/ruby/lib/ruby/1.8/webrick/server.rb:162:in `start_thread'
    c:/ruby/lib/ruby/1.8/webrick/server.rb:95:in `start'
    c:/ruby/lib/ruby/1.8/webrick/server.rb:92:in `each'
    c:/ruby/lib/ruby/1.8/webrick/server.rb:92:in `start'
    c:/ruby/lib/ruby/1.8/webrick/server.rb:23:in `start'
    c:/ruby/lib/ruby/1.8/webrick/server.rb:82:in `start'

Rendered rescues/_trace (119.0ms)
Rendered rescues/_request_and_response (1.0ms)
Rendering rescues/layout (internal_server_error)


Processing InterfacesController#index (for 127.0.0.1 at 2010-01-30 22:09:02) [GET]
Rendering template within layouts/application
Rendering interfaces/index

ActionView::TemplateError (undefined local variable or method `user_session' for #<ActionView::Base:0x6ee9444>) on line #6 of app/views/shared/_identification.html.erb:
3:     <p>Bienvenue <%=current_user.username%> :)<br/>
4:     <%= link_to "Logout", logout_path %></p>
5:   <%else%>
6:   <% form_for(user_session) do |f| %>
7:   <%= f.error_messages %>
8: 
9:   <p align="right">

    app/views/shared/_identification.html.erb:6
    app/views/layouts/application.html.erb:20
    c:/ruby/lib/ruby/1.8/webrick/httpserver.rb:104:in `service'
    c:/ruby/lib/ruby/1.8/webrick/httpserver.rb:65:in `run'
    c:/ruby/lib/ruby/1.8/webrick/server.rb:173:in `start_thread'
    c:/ruby/lib/ruby/1.8/webrick/server.rb:162:in `start'
    c:/ruby/lib/ruby/1.8/webrick/server.rb:162:in `start_thread'
    c:/ruby/lib/ruby/1.8/webrick/server.rb:95:in `start'
    c:/ruby/lib/ruby/1.8/webrick/server.rb:92:in `each'
    c:/ruby/lib/ruby/1.8/webrick/server.rb:92:in `start'
    c:/ruby/lib/ruby/1.8/webrick/server.rb:23:in `start'
    c:/ruby/lib/ruby/1.8/webrick/server.rb:82:in `start'

Rendered rescues/_trace (105.0ms)
Rendered rescues/_request_and_response (1.0ms)
Rendering rescues/layout (internal_server_error)


Processing InterfacesController#index (for 127.0.0.1 at 2010-01-30 22:25:46) [GET]
Rendering template within layouts/application
Rendering interfaces/index
Rendered shared/_identification (13.0ms)
Completed in 86ms (View: 40, DB: 0) | 200 OK [http://localhost/]


Processing InterfacesController#new (for 127.0.0.1 at 2010-01-30 22:55:45) [GET]
Rendering template within layouts/application
Rendering interfaces/new
Rendered shared/_identification (6.0ms)
Completed in 212ms (View: 154, DB: 0) | 200 OK [http://localhost/interfaces/new]


Processing InterfacesController#new (for 127.0.0.1 at 2010-01-30 22:56:19) [GET]
Rendering template within layouts/application
Rendering interfaces/new
Rendered shared/_identification (10.0ms)
Completed in 89ms (View: 38, DB: 0) | 200 OK [http://localhost/interfaces/new]


Processing UserSessionsController#create (for 127.0.0.1 at 2010-01-30 22:56:28) [POST]
  Parameters: {"commit"=>"Go !", "user_session"=>{"username"=>"test", "password"=>"azerty"}, "authenticity_token"=>"okqp4l9oQ2QKqvRyqBK3ySAoJ4HG7X+1/qpQmHLm9O0="}
  [4;35;1mUser Load (1.0ms)[0m   [0mSELECT * FROM "users" WHERE (LOWER("users".username) = 'test') LIMIT 1[0m
Redirected to http://localhost:3000/
Completed in 43ms (DB: 1) | 302 Found [http://localhost/user_sessions]


Processing InterfacesController#index (for 127.0.0.1 at 2010-01-30 22:56:28) [GET]
Rendering template within layouts/application
Rendering interfaces/index
  [4;36;1mUser Load (1.0ms)[0m   [0;1mSELECT * FROM "users" WHERE ("users"."id" = '1') LIMIT 1[0m
Rendered shared/_identification (11.0ms)
Completed in 63ms (View: 29, DB: 1) | 200 OK [http://localhost/]


Processing InterfacesController#new (for 127.0.0.1 at 2010-01-30 22:56:31) [GET]
Rendering template within layouts/application
Rendering interfaces/new
  [4;35;1mUser Load (1.0ms)[0m   [0mSELECT * FROM "users" WHERE ("users"."id" = '1') LIMIT 1[0m
Rendered shared/_identification (13.0ms)
Completed in 145ms (View: 40, DB: 1) | 200 OK [http://localhost/interfaces/new]


Processing UserSessionsController#destroy (for 127.0.0.1 at 2010-01-30 22:56:35) [GET]
  [4;36;1mUser Load (1.0ms)[0m   [0;1mSELECT * FROM "users" WHERE ("users"."id" = '1') LIMIT 1[0m
Redirected to http://localhost:3000/
Completed in 43ms (DB: 1) | 302 Found [http://localhost/logout]


Processing InterfacesController#index (for 127.0.0.1 at 2010-01-30 22:56:36) [GET]
Rendering template within layouts/application
Rendering interfaces/index
Rendered shared/_identification (7.0ms)
Completed in 239ms (View: 169, DB: 0) | 200 OK [http://localhost/]


Processing InterfacesController#index (for 127.0.0.1 at 2010-01-30 22:56:39) [GET]
Rendering template within layouts/application
Rendering interfaces/index
Rendered shared/_identification (7.0ms)
Completed in 57ms (View: 26, DB: 0) | 200 OK [http://localhost/]


Processing UserSessionsController#new (for 127.0.0.1 at 2010-01-30 22:57:29) [GET]
Rendering template within layouts/application
Rendering user_sessions/new
Rendered shared/_identification (6.0ms)
Completed in 82ms (View: 45, DB: 0) | 200 OK [http://localhost/login]


Processing InterfacesController#new (for 127.0.0.1 at 2010-01-30 22:58:36) [GET]
Rendering template within layouts/application
Rendering interfaces/new
Rendered shared/_identification (10.0ms)
Completed in 69ms (View: 32, DB: 0) | 200 OK [http://localhost/interfaces/new]


Processing UsersController#new (for 127.0.0.1 at 2010-01-30 22:58:56) [GET]
Rendering template within layouts/application
Rendering users/new

ActionView::TemplateError (Called id for nil, which would mistakenly be 4 -- if you really wanted the id of nil, use object_id) on line #6 of app/views/shared/_identification.html.erb:
3:     <p>Bienvenue <%=current_user.username%> :)<br/>
4:     <%= link_to "Logout", logout_path %></p>
5:   <%else%>
6:   <% form_for(@user_session) do |f| %>
7:   <%= f.error_messages %>
8: 
9:   <p align="right">

    app/views/shared/_identification.html.erb:6
    app/views/layouts/application.html.erb:20
    c:/ruby/lib/ruby/1.8/webrick/httpserver.rb:104:in `service'
    c:/ruby/lib/ruby/1.8/webrick/httpserver.rb:65:in `run'
    c:/ruby/lib/ruby/1.8/webrick/server.rb:173:in `start_thread'
    c:/ruby/lib/ruby/1.8/webrick/server.rb:162:in `start'
    c:/ruby/lib/ruby/1.8/webrick/server.rb:162:in `start_thread'
    c:/ruby/lib/ruby/1.8/webrick/server.rb:95:in `start'
    c:/ruby/lib/ruby/1.8/webrick/server.rb:92:in `each'
    c:/ruby/lib/ruby/1.8/webrick/server.rb:92:in `start'
    c:/ruby/lib/ruby/1.8/webrick/server.rb:23:in `start'
    c:/ruby/lib/ruby/1.8/webrick/server.rb:82:in `start'

Rendered rescues/_trace (146.0ms)
Rendered rescues/_request_and_response (1.0ms)
Rendering rescues/layout (internal_server_error)


Processing UsersController#new (for 127.0.0.1 at 2010-01-30 22:59:24) [GET]
Rendering template within layouts/application
Rendering users/new
Rendered shared/_identification (8.0ms)
Completed in 71ms (View: 38, DB: 0) | 200 OK [http://localhost/users/new]


Processing UsersController#create (for 127.0.0.1 at 2010-01-30 22:59:57) [POST]
  Parameters: {"user"=>{"password_confirmation"=>"azerty", "username"=>"zifro", "password"=>"azerty", "email"=>"guillaume.desrat@zlab.fr"}, "commit"=>"Create", "authenticity_token"=>"okqp4l9oQ2QKqvRyqBK3ySAoJ4HG7X+1/qpQmHLm9O0="}
  [4;35;1mUser Load (0.0ms)[0m   [0mSELECT "users".id FROM "users" WHERE (LOWER("users"."email") = 'guillaume.desrat@zlab.fr') LIMIT 1[0m
  [4;36;1mUser Load (0.0ms)[0m   [0;1mSELECT "users".id FROM "users" WHERE (LOWER("users"."username") = 'zifro') LIMIT 1[0m
  [4;35;1mUser Load (0.0ms)[0m   [0mSELECT "users".id FROM "users" WHERE ("users"."persistence_token" = '01ce736565eebd6fdcae6605c00ce138e490fd82ae329cd13d4f8bf297357912f45314a8462caec77f4fb41dfbce3b44debcf30979d2999b7e2e31db7b41ccc8') LIMIT 1[0m
  [4;36;1mUser Create (28.0ms)[0m   [0;1mINSERT INTO "users" ("updated_at", "crypted_password", "username", "password_salt", "persistence_token", "email", "created_at") VALUES('2010-01-30 21:59:58', '931a64531302000ce6250f2d28b6fa8e7c88ca23c749b3643d2adeea1aa9bb6d30296d00f83908a1a289e763973dbd200420e5ab085b6612bde56284e7bc747a', 'zifro', '0A9M2NhJS3WRJI1WM3kw', '01ce736565eebd6fdcae6605c00ce138e490fd82ae329cd13d4f8bf297357912f45314a8462caec77f4fb41dfbce3b44debcf30979d2999b7e2e31db7b41ccc8', 'guillaume.desrat@zlab.fr', '2010-01-30 21:59:58')[0m
Redirected to http://localhost:3000/
Completed in 379ms (DB: 28) | 302 Found [http://localhost/users]


Processing InterfacesController#index (for 127.0.0.1 at 2010-01-30 22:59:58) [GET]
Rendering template within layouts/application
Rendering interfaces/index
  [4;35;1mUser Load (1.0ms)[0m   [0mSELECT * FROM "users" WHERE ("users"."persistence_token" = '01ce736565eebd6fdcae6605c00ce138e490fd82ae329cd13d4f8bf297357912f45314a8462caec77f4fb41dfbce3b44debcf30979d2999b7e2e31db7b41ccc8') LIMIT 1[0m
Rendered shared/_identification (10.0ms)
Completed in 61ms (View: 28, DB: 1) | 200 OK [http://localhost/]


Processing UserSessionsController#destroy (for 127.0.0.1 at 2010-01-30 23:00:03) [GET]
  [4;36;1mUser Load (1.0ms)[0m   [0;1mSELECT * FROM "users" WHERE ("users"."persistence_token" = '01ce736565eebd6fdcae6605c00ce138e490fd82ae329cd13d4f8bf297357912f45314a8462caec77f4fb41dfbce3b44debcf30979d2999b7e2e31db7b41ccc8') LIMIT 1[0m
Redirected to http://localhost:3000/
Completed in 46ms (DB: 1) | 302 Found [http://localhost/logout]


Processing InterfacesController#index (for 127.0.0.1 at 2010-01-30 23:00:03) [GET]
Rendering template within layouts/application
Rendering interfaces/index
Rendered shared/_identification (6.0ms)
Completed in 68ms (View: 25, DB: 0) | 200 OK [http://localhost/]


Processing UserSessionsController#create (for 127.0.0.1 at 2010-01-30 23:00:13) [POST]
  Parameters: {"commit"=>"Go !", "user_session"=>{"username"=>"zifro", "password"=>"azerty"}, "authenticity_token"=>"okqp4l9oQ2QKqvRyqBK3ySAoJ4HG7X+1/qpQmHLm9O0="}
  [4;35;1mUser Load (1.0ms)[0m   [0mSELECT * FROM "users" WHERE (LOWER("users".username) = 'zifro') LIMIT 1[0m
Redirected to http://localhost:3000/
Completed in 46ms (DB: 1) | 302 Found [http://localhost/user_sessions]


Processing InterfacesController#index (for 127.0.0.1 at 2010-01-30 23:00:13) [GET]
Rendering template within layouts/application
Rendering interfaces/index
  [4;36;1mUser Load (0.0ms)[0m   [0;1mSELECT * FROM "users" WHERE ("users"."id" = '2') LIMIT 1[0m
Rendered shared/_identification (10.0ms)
Completed in 62ms (View: 28, DB: 0) | 200 OK [http://localhost/]


Processing InterfacesController#show (for 127.0.0.1 at 2010-01-30 23:00:23) [GET]
  Parameters: {"id"=>"1"}
Rendering template within layouts/application
Rendering interfaces/show
Rendered shared/_error_color (4.0ms)
  [4;35;1mUser Load (1.0ms)[0m   [0mSELECT * FROM "users" WHERE ("users"."id" = '2') LIMIT 1[0m
Rendered shared/_identification (48.0ms)
Completed in 123ms (View: 118, DB: 1) | 200 OK [http://localhost/interfaces/1]


Processing InterfacesController#edit (for 127.0.0.1 at 2010-01-30 23:00:27) [GET]
  Parameters: {"id"=>"1"}
Rendering template within layouts/application
Rendering interfaces/edit
  [4;36;1mUser Load (1.0ms)[0m   [0;1mSELECT * FROM "users" WHERE ("users"."id" = '2') LIMIT 1[0m
Rendered shared/_identification (261.0ms)
Completed in 926ms (View: 497, DB: 1) | 200 OK [http://localhost/interfaces/1/edit]


Processing InterfacesController#edit (for 127.0.0.1 at 2010-01-30 23:00:29) [GET]
  Parameters: {"id"=>"1"}
Rendering template within layouts/application
Rendering interfaces/edit
  [4;35;1mUser Load (1.0ms)[0m   [0mSELECT * FROM "users" WHERE ("users"."id" = '2') LIMIT 1[0m
Rendered shared/_identification (50.0ms)
Completed in 73ms (View: 69, DB: 1) | 200 OK [http://localhost/interfaces/1/edit]


Processing UserSessionsController#destroy (for 127.0.0.1 at 2010-01-30 23:00:36) [GET]
  [4;36;1mUser Load (1.0ms)[0m   [0;1mSELECT * FROM "users" WHERE ("users"."id" = '2') LIMIT 1[0m
Redirected to http://localhost:3000/
Completed in 44ms (DB: 1) | 302 Found [http://localhost/logout]


Processing InterfacesController#index (for 127.0.0.1 at 2010-01-30 23:00:37) [GET]
Rendering template within layouts/application
Rendering interfaces/index
Rendered shared/_identification (8.0ms)
Completed in 67ms (View: 30, DB: 0) | 200 OK [http://localhost/]


Processing InterfacesController#edit (for 127.0.0.1 at 2010-01-30 23:00:52) [GET]
  Parameters: {"id"=>"1"}
Rendering template within layouts/application
Rendering interfaces/edit

ActionView::TemplateError (Called id for nil, which would mistakenly be 4 -- if you really wanted the id of nil, use object_id) on line #6 of app/views/shared/_identification.html.erb:
3:     <p>Bienvenue <%=current_user.username%> :)<br/>
4:     <%= link_to "Logout", logout_path %></p>
5:   <%else%>
6:   <% form_for(@user_session) do |f| %>
7:   <%= f.error_messages %>
8: 
9:   <p align="right">

    app/views/shared/_identification.html.erb:6
    app/views/layouts/application.html.erb:20
    c:/ruby/lib/ruby/1.8/webrick/httpserver.rb:104:in `service'
    c:/ruby/lib/ruby/1.8/webrick/httpserver.rb:65:in `run'
    c:/ruby/lib/ruby/1.8/webrick/server.rb:173:in `start_thread'
    c:/ruby/lib/ruby/1.8/webrick/server.rb:162:in `start'
    c:/ruby/lib/ruby/1.8/webrick/server.rb:162:in `start_thread'
    c:/ruby/lib/ruby/1.8/webrick/server.rb:95:in `start'
    c:/ruby/lib/ruby/1.8/webrick/server.rb:92:in `each'
    c:/ruby/lib/ruby/1.8/webrick/server.rb:92:in `start'
    c:/ruby/lib/ruby/1.8/webrick/server.rb:23:in `start'
    c:/ruby/lib/ruby/1.8/webrick/server.rb:82:in `start'

Rendered rescues/_trace (120.0ms)
Rendered rescues/_request_and_response (1.0ms)
Rendering rescues/layout (internal_server_error)


Processing InterfacesController#index (for 127.0.0.1 at 2010-01-30 23:04:32) [GET]
Rendering template within layouts/application
Rendering interfaces/index
Rendered shared/_identification (6.0ms)
Completed in 141ms (View: 26, DB: 0) | 200 OK [http://localhost/]


Processing InterfacesController#edit (for 127.0.0.1 at 2010-01-30 23:04:36) [GET]
  Parameters: {"id"=>"1"}
Rendering template within layouts/application
Rendering interfaces/edit
Rendered shared/_identification (7.0ms)
Completed in 66ms (View: 27, DB: 0) | 200 OK [http://localhost/interfaces/1/edit]


Processing UserSessionsController#create (for 127.0.0.1 at 2010-01-30 23:04:47) [POST]
  Parameters: {"commit"=>"Go !", "user_session"=>{"username"=>"zifro", "password"=>"azerty"}, "authenticity_token"=>"okqp4l9oQ2QKqvRyqBK3ySAoJ4HG7X+1/qpQmHLm9O0="}
  [4;35;1mUser Load (1.0ms)[0m   [0mSELECT * FROM "users" WHERE (LOWER("users".username) = 'zifro') LIMIT 1[0m
Redirected to http://localhost:3000/
Completed in 169ms (DB: 1) | 302 Found [http://localhost/user_sessions]


Processing InterfacesController#index (for 127.0.0.1 at 2010-01-30 23:04:47) [GET]
  [4;36;1mUser Load (1.0ms)[0m   [0;1mSELECT * FROM "users" WHERE ("users"."id" = '2') LIMIT 1[0m
Rendering template within layouts/application
Rendering interfaces/index
Rendered shared/_identification (1.0ms)
Completed in 69ms (View: 18, DB: 1) | 200 OK [http://localhost/]


Processing InterfacesController#edit (for 127.0.0.1 at 2010-01-30 23:04:49) [GET]
  Parameters: {"id"=>"1"}
  [4;35;1mUser Load (1.0ms)[0m   [0mSELECT * FROM "users" WHERE ("users"."id" = '2') LIMIT 1[0m
Rendering template within layouts/application
Rendering interfaces/edit
Rendered shared/_identification (1.0ms)
Completed in 62ms (View: 19, DB: 1) | 200 OK [http://localhost/interfaces/1/edit]


Processing InterfacesController#show (for 127.0.0.1 at 2010-01-30 23:04:51) [GET]
  Parameters: {"id"=>"1"}
  [4;36;1mUser Load (1.0ms)[0m   [0;1mSELECT * FROM "users" WHERE ("users"."id" = '2') LIMIT 1[0m
Rendering template within layouts/application
Rendering interfaces/show
Rendered shared/_error_color (0.0ms)
Rendered shared/_identification (1.0ms)
Completed in 76ms (View: 24, DB: 1) | 200 OK [http://localhost/interfaces/1]


Processing UserSessionsController#destroy (for 127.0.0.1 at 2010-01-30 23:04:55) [GET]
  [4;35;1mUser Load (0.0ms)[0m   [0mSELECT * FROM "users" WHERE ("users"."id" = '2') LIMIT 1[0m
  [4;36;1mCACHE (0.0ms)[0m   [0;1mSELECT * FROM "users" WHERE ("users"."id" = '2') LIMIT 1[0m
Redirected to http://localhost:3000/
Completed in 1331ms (DB: 0) | 302 Found [http://localhost/logout]


Processing InterfacesController#index (for 127.0.0.1 at 2010-01-30 23:04:57) [GET]
Rendering template within layouts/application
Rendering interfaces/index
Rendered shared/_identification (6.0ms)
Completed in 76ms (View: 25, DB: 0) | 200 OK [http://localhost/]
